
===========================================================================
Model "_AUTOSAVE-MOTOR_DRIVER_202312_P_1" exists. Name "_AUTOSAVE-MOTOR_DRIVER_202312_1" used instead.
===========================================================================

===========================================================================
Model "CONNECTOR_WHITE_JST_XH_6_PIN_-__ASM_1" exists. Name "CONNECTOR_WHITE_JST_XH_6_PIN__1" used instead.
===========================================================================

===========================================================================
Model "R_AXIAL_DIN0207_L63MM_D25MM_P50_1" exists. Name "R_AXIAL_DIN0207_L63MM_D25MM_P_1" used instead.
===========================================================================

===========================================================================
Model "R_AXIAL_DIN0207_L6_3MM_D2_5MM_P_ASM_2" exists. Name "R_AXIAL_DIN0207_L6_3MM_D2_5MM_1" used instead.
===========================================================================

===========================================================================
Model "USER_LIBRARY-ASSMANN_A-2004-1-4_ASM_1" exists. Name "USER_LIBRARY-ASSMANN_A-2004-1_1" used instead.
===========================================================================

===========================================================================
Model "JST_XH_B3B-XH-A_1X03_P2_50MM_VE_ASM_1" exists. Name "JST_XH_B3B-XH-A_1X03_P2_50MM__1" used instead.
===========================================================================

===========================================================================
Model "ASSEM1_1_2" exists. Name "ASSEM1_1_2_1_2" used instead.
===========================================================================

===========================================================================
Model "JST_XH_B4B-XH-A_1X04_P2_50MM_VE_ASM_1" exists. Name "JST_XH_B4B-XH-A_1X04_P2_50MM__1" used instead.
===========================================================================

===========================================================================
Model "C_RECT_L70MM_W25MM_P500MM_1" exists. Name "C_RECT_L70MM_W25MM_P500MM_1_1_2" used instead.
===========================================================================

===========================================================================
Model "D_A-405_P2_54MM_VERTICAL_-15875_1" exists. Name "D_A-405_P2_54MM_VERTICAL_-158_1" used instead.
===========================================================================

===========================================================================
Model "D_A-405_P2_54MM_VERTICAL_-15852_ASM_1" exists. Name "D_A-405_P2_54MM_VERTICAL_-158_2" used instead.
===========================================================================

===========================================================================
Model "USB_CONNECTOR_TYPE_A_FEMA-166_1_1" exists. Name "USB_CONNECTOR_TYPE_A_FEMA-166_7" used instead.
===========================================================================

===========================================================================
Model "USB_CONNECTOR_TYPE_A_FEMA-16686_ASM_1" exists. Name "USB_CONNECTOR_TYPE_A_FEMA-166_8" used instead.
===========================================================================

===========================================================================
Model "USB_CONNECTOR_TYPE_A_FEMA-166_2_1" exists. Name "USB_CONNECTOR_TYPE_A_FEMA-166_9" used instead.
===========================================================================

===========================================================================
Model "USB_CONNECTOR_TYPE_A_FEMA-166_3_1" exists. Name "USB_CONNECTOR_TYPE_A_FEMA-16_10" used instead.
===========================================================================

===========================================================================
Model "USB_CONNECTOR_TYPE_A_FEMA-166_4_1" exists. Name "USB_CONNECTOR_TYPE_A_FEMA-16_11" used instead.
===========================================================================

===========================================================================
Model "USB_CONNECTOR_TYPE_A_FEMA-166_5_1" exists. Name "USB_CONNECTOR_TYPE_A_FEMA-16_12" used instead.
===========================================================================

===========================================================================
Model "USB_CONNECTOR_TYPE_A_FEMA-166_6_1" exists. Name "USB_CONNECTOR_TYPE_A_FEMA-16_13" used instead.
===========================================================================

===========================================================================
Model "USB_CONNECTOR_TYPE_A_FEMA-16663_ASM_1" exists. Name "USB_CONNECTOR_TYPE_A_FEMA-16_14" used instead.
===========================================================================

===========================================================================
Model "PINHEADER_1X18_P2_54MM_VERTICAL_ASM_1" exists. Name "PINHEADER_1X18_P2_54MM_VERTIC_1" used instead.
===========================================================================

===========================================================================
Model "OPEN_CASCADE_STEP_TRANSLATO-115_1" exists. Name "OPEN_CASCADE_STEP_TRANSLATO-1_1" used instead.
===========================================================================

===========================================================================
Model "OPEN_CASCADE_STEP_TRANSLATO-105_ASM_1" exists. Name "OPEN_CASCADE_STEP_TRANSLATO-1_2" used instead.
===========================================================================

===========================================================================
Model "EWOK_PLUS_25_SUBSTRATE_SOLID__1_1" exists. Name "EWOK_PLUS_25_SUBSTRATE_SOLID_15" used instead.
===========================================================================

===========================================================================
Model "EWOK_PLUS_25_SUBSTRATE_SOLID_MO_ASM_1" exists. Name "EWOK_PLUS_25_SUBSTRATE_SOLID_16" used instead.
===========================================================================

===========================================================================
Model "EWOK_PLUS_25_SUBSTRATE_SOLID__2_1" exists. Name "EWOK_PLUS_25_SUBSTRATE_SOLID_17" used instead.
===========================================================================

===========================================================================
Model "EWOK_PLUS_25_SUBSTRATE_SOLID__3_1" exists. Name "EWOK_PLUS_25_SUBSTRATE_SOLID_18" used instead.
===========================================================================

===========================================================================
Model "EWOK_PLUS_25_SUBSTRATE_SOLID__4_1" exists. Name "EWOK_PLUS_25_SUBSTRATE_SOLID_19" used instead.
===========================================================================

===========================================================================
Model "EWOK_PLUS_25_SUBSTRATE_SOLID__5_1" exists. Name "EWOK_PLUS_25_SUBSTRATE_SOLID_20" used instead.
===========================================================================

===========================================================================
Model "EWOK_PLUS_25_SUBSTRATE_SOLID__6_1" exists. Name "EWOK_PLUS_25_SUBSTRATE_SOLID_21" used instead.
===========================================================================

===========================================================================
Model "EWOK_PLUS_25_SUBSTRATE_SOLID__7_1" exists. Name "EWOK_PLUS_25_SUBSTRATE_SOLID_22" used instead.
===========================================================================

===========================================================================
Model "EWOK_PLUS_25_SUBSTRATE_SOLID__8_1" exists. Name "EWOK_PLUS_25_SUBSTRATE_SOLID_23" used instead.
===========================================================================

===========================================================================
Model "EWOK_PLUS_25_SUBSTRATE_SOLID__9_1" exists. Name "EWOK_PLUS_25_SUBSTRATE_SOLID_24" used instead.
===========================================================================

===========================================================================
Model "EWOK_PLUS_25_SUBSTRATE_SOLID_10_1" exists. Name "EWOK_PLUS_25_SUBSTRATE_SOLID_25" used instead.
===========================================================================

===========================================================================
Model "EWOK_PLUS_25_SUBSTRATE_SOLID_11_1" exists. Name "EWOK_PLUS_25_SUBSTRATE_SOLID_26" used instead.
===========================================================================

===========================================================================
Model "EWOK_PLUS_25_SUBSTRATE_SOLID_12_1" exists. Name "EWOK_PLUS_25_SUBSTRATE_SOLID_27" used instead.
===========================================================================

===========================================================================
Model "EWOK_PLUS_25_SUBSTRATE_SOLID_13_1" exists. Name "EWOK_PLUS_25_SUBSTRATE_SOLID_28" used instead.
===========================================================================

===========================================================================
Model "EWOK_PLUS_25_SUBSTRATE_SOLID_14_1" exists. Name "EWOK_PLUS_25_SUBSTRATE_SOLID_29" used instead.
===========================================================================

===========================================================================
Model "EWOK_PLUS_25_SUBSTRATE_ASSEMBLY_ASM_1" exists. Name "EWOK_PLUS_25_SUBSTRATE_ASSEMB_1" used instead.
===========================================================================

===========================================================================
Model "EWOK_PLUS_25_DES1A_CAP_SOLID_MO_1" exists. Name "EWOK_PLUS_25_DES1A_CAP_SOLID__1" used instead.
===========================================================================
