
===========================================================================
Model "NONE-288" exists. Name "NONE-288_1" used instead.
===========================================================================

===========================================================================
Model "Cut-Extrude3" exists. Name "Cut-Extrude3_1" used instead.
===========================================================================

===========================================================================
Model "Boss-Extrude9" exists. Name "Boss-Extrude9_1" used instead.
===========================================================================

===========================================================================
Model "Boss-Extrude8" exists. Name "Boss-Extrude8_1" used instead.
===========================================================================

===========================================================================
Model "NONE-6967" exists. Name "NONE-6967_1" used instead.
===========================================================================

===========================================================================
Model "NONE-7590" exists. Name "NONE-7590_1" used instead.
===========================================================================

===========================================================================
Model "_DRB-9M-1_-_Chamfer2_" exists. Name "_DRB-9M-1_-_Chamfer2__1" used instead.
===========================================================================

===========================================================================
Model "NONE-9341" exists. Name "NONE-9341_1" used instead.
===========================================================================

===========================================================================
Model "SKPANG_PiCAN2_CAN-Bus_Board_for_Raspberry_Pi" exists. Name "SKPANG_PiCAN2_CAN-Bus_Board_f_2" used instead.
===========================================================================

===========================================================================
Model "NONE-10601" exists. Name "NONE-10601_1" used instead.
===========================================================================

===========================================================================
Model "_DRB-9M-1_-_M2_5_Tapped_Hole1_" exists. Name "_DRB-9M-1_-_M2_5_Tapped_Hole1_1" used instead.
===========================================================================

===========================================================================
Model "NONE-11233" exists. Name "NONE-11233_1" used instead.
===========================================================================

===========================================================================
Model "NONE-14474" exists. Name "NONE-14474_1" used instead.
===========================================================================

===========================================================================
Model "NONE-15705" exists. Name "NONE-15705_1" used instead.
===========================================================================

===========================================================================
Model "NONE-16344" exists. Name "NONE-16344_1" used instead.
===========================================================================

===========================================================================
Model "_DRB-9M-1_-_Chamfer1_" exists. Name "_DRB-9M-1_-_Chamfer1__1" used instead.
===========================================================================

===========================================================================
Model "NONE-19987" exists. Name "NONE-19987_1" used instead.
===========================================================================
